/usr/local/rvm/rubies/ruby-2.0.0-p451/bin/ruby extconf.rb
checking for pg_config... yes
Using config values from /usr/local/bin/pg_config
*** extconf.rb failed ***
Could not create Makefile due to some reason, probably lack of necessary
libraries and/or headers.  Check the mkmf.log file for more details.  You may
need configuration options.

Provided configuration options:
	--with-opt-dir
	--without-opt-dir
	--with-opt-include
	--without-opt-include=${opt-dir}/include
	--with-opt-lib
	--without-opt-lib=${opt-dir}/lib
	--with-make-prog
	--without-make-prog
	--srcdir=.
	--curdir
	--ruby=/usr/local/rvm/rubies/ruby-2.0.0-p451/bin/ruby
	--with-pg
	--without-pg
	--with-pg-config
	--without-pg-config
	--with-pg_config
	--without-pg_config
	--with-pg-dir
	--without-pg-dir
	--with-pg-include
	--without-pg-include=${pg-dir}/include
	--with-pg-lib
	--without-pg-lib=${pg-dir}/
/usr/local/rvm/rubies/ruby-2.0.0-p451/lib/ruby/2.0.0/mkmf.rb:434:in `try_do': The compiler failed to generate an executable file. (RuntimeError)
You have to install development tools first.
	from /usr/local/rvm/rubies/ruby-2.0.0-p451/lib/ruby/2.0.0/mkmf.rb:519:in `try_link0'
	from /usr/local/rvm/rubies/ruby-2.0.0-p451/lib/ruby/2.0.0/mkmf.rb:534:in `try_link'
	from extconf.rb:39:in `<main>'

extconf failed, exit code 1
